<?xml version="1.0" encoding="UTF-8" ?>
<testsuite errors="1" failures="0" hostname="JUSTINASE156" name="ClientTester" skipped="0" tests="1" time="0.0" timestamp="2016-11-06T11:18:55">
  <properties>
[...]
</properties>
  <testcase classname="ClientTester" name="testGetFlightsOutput" time="0.0">
    <error message="Forked Java VM exited abnormally. Please note the time in the report does not reflect the time until the VM exit." type="junit.framework.AssertionFailedError">junit.framework.AssertionFailedError: Forked Java VM exited abnormally. Please note the time in the report does not reflect the time until the VM exit.
	at org.netbeans.core.execution.RunClassThread.run(RunClassThread.java:153)
</error>
  </testcase>
</testsuite>
